current directory: /home/catalina/Escritorio/repositorio final/Sistema-de-Proyecci-n/.bundle/gem-sassc/gems/sassc-1.10.1/ext
/usr/bin/ruby2.3 -rubygems /var/lib/gems/2.3.0/gems/rake-11.3.0/exe/rake RUBYARCHDIR="/home/catalina/Escritorio/repositorio final/Sistema-de-Proyecci-n/.bundle/gem-sassc/extensions/x86_64-linux/2.3.0/sassc-1.10.1" RUBYLIBDIR="/home/catalina/Escritorio/repositorio final/Sistema-de-Proyecci-n/.bundle/gem-sassc/extensions/x86_64-linux/2.3.0/sassc-1.10.1"
cd libsass
make lib/libsass.so
mkdir lib
cc -Wall -O2 -I /home/catalina/Escritorio/repositorio /home/catalina/Escritorio/repositorio final/Sistema-de-Proyecci-n/.bundle/gem-sassc/gems/sassc-1.10.1/ext/libsass/final/Sistema-de-Proyecci-n/.bundle/gem-sassc/gems/sassc-1.10.1/ext/libsass/include -fPIC -fPIC -c -o src/cencode.o src/cencode.c
cc: error: final/Sistema-de-Proyecci-n/.bundle/gem-sassc/gems/sassc-1.10.1/ext/libsass/final/Sistema-de-Proyecci-n/.bundle/gem-sassc/gems/sassc-1.10.1/ext/libsass/include: No such file or directory
Makefile:234: recipe for target 'src/cencode.o' failed
make: *** [src/cencode.o] Error 1
rake aborted!
Command failed with status (2): [make lib/libsass.so...]
/home/catalina/Escritorio/repositorio final/Sistema-de-Proyecci-n/.bundle/gem-sassc/gems/sassc-1.10.1/lib/tasks/libsass.rb:29:in `block (2 levels) in <top (required)>'
/home/catalina/Escritorio/repositorio final/Sistema-de-Proyecci-n/.bundle/gem-sassc/gems/sassc-1.10.1/lib/tasks/libsass.rb:11:in `block (3 levels) in <top (required)>'
/home/catalina/Escritorio/repositorio final/Sistema-de-Proyecci-n/.bundle/gem-sassc/gems/sassc-1.10.1/lib/tasks/libsass.rb:10:in `block (2 levels) in <top (required)>'
/var/lib/gems/2.3.0/gems/rake-11.3.0/exe/rake:27:in `<main>'
Tasks: TOP => lib/libsass.so
(See full trace by running task with --trace)

rake failed, exit code 1
